#
# A fatal error has been detected by the Java Runtime Environment:
#
#  EXCEPTION_ACCESS_VIOLATION (0xc0000005) at pc=0x6cecd649, pid=2164, tid=2724
#
# JRE version: Java(TM) SE Runtime Environment (7.0_60-b19) (build 1.7.0_60-b19)
# Java VM: Java HotSpot(TM) Client VM (24.60-b09 mixed mode, sharing windows-x86 )
# Problematic frame:
# C  [gdx.dll+0xd649]
#
# Failed to write core dump. Minidumps are not enabled by default on client versions of Windows
#
# If you would like to submit a bug report, please visit:
#   http://bugreport.sun.com/bugreport/crash.jsp
# The crash happened outside the Java Virtual Machine in native code.
# See problematic frame for where to report the bug.
#

---------------  T H R E A D  ---------------

Current thread (0x02f0d000):  JavaThread "LWJGL Application" [_thread_in_native, id=2724, stack(0x0b730000,0x0b780000)]

siginfo: ExceptionCode=0xc0000005, writing address 0x6cf21240

Registers:
EAX=0x0c981098, EBX=0x6cf21240, ECX=0x00000001, EDX=0x0c980bd8
ESP=0x0b77f580, EBP=0x0b77f618, ESI=0x0c980bd8, EDI=0x0c96caa8
EIP=0x6cecd649, EFLAGS=0x00010202

Top of Stack: (sp=0x0b77f580)
0x0b77f580:   00000024 0b77f5dc 00000008 6cf0de00
0x0b77f590:   7c0fd354 0b77f5f8 6e83b193 6cf21240
0x0b77f5a0:   0c980bd8 0c96caa8 6cf21240 6ceccefd
0x0b77f5b0:   6cf21240 0c981098 00000001 0c980bd8
0x0b77f5c0:   00000000 0c980bd8 00000000 00000004
0x0b77f5d0:   0b77f54c 0b77f63c 00000004 0b77f76c
0x0b77f5e0:   ffffffff 0c96caa8 02f0d000 00000000
0x0b77f5f0:   ffffffff 6cf145c0 6cf14d44 0b77f610 

Instructions: (pc=0x6cecd649)
0x6cecd629:   e9 2a ff ff ff 66 90 53 83 ec 28 8b 54 24 3c 8b
0x6cecd639:   44 24 34 8b 5c 24 30 8b 4c 24 38 f3 0f 10 4a 10
0x6cecd649:   c7 03 28 13 f2 6c f3 0f 59 48 10 89 4b 38 8b 4c
0x6cecd659:   24 40 c7 43 04 04 00 00 00 89 43 30 f3 0f 51 c1 


Register to memory mapping:

EAX=0x0c981098 is an unknown value
EBX=0x6cf21240 is an unknown value
ECX=0x00000001 is an unknown value
EDX=0x0c980bd8 is an unknown value
ESP=0x0b77f580 is pointing into the stack for thread: 0x02f0d000
EBP=0x0b77f618 is pointing into the stack for thread: 0x02f0d000
ESI=0x0c980bd8 is an unknown value
EDI=0x0c96caa8 is an unknown value


Stack: [0x0b730000,0x0b780000],  sp=0x0b77f580,  free space=317k
Native frames: (J=compiled Java code, j=interpreted, Vv=VM code, C=native code)
C  [gdx.dll+0xd649]

Java frames: (J=compiled Java code, j=interpreted, Vv=VM code)
j  com.badlogic.gdx.physics.box2d.World.jniStep(JFII)V+0
J 255 C1 com.game.states.Play.update(F)V (134 bytes) @ 0x00a28c0c [0x00a28bb0+0x5c]
J 307 C1 com.game.Game.render()V (124 bytes) @ 0x00a395f1 [0x00a39350+0x2a1]
j  com.badlogic.gdx.backends.lwjgl.LwjglApplication.mainLoop()V+642
j  com.badlogic.gdx.backends.lwjgl.LwjglApplication$1.run()V+27
v  ~StubRoutines::call_stub

---------------  P R O C E S S  ---------------

Java Threads: ( => current thread )
  0x02fcb800 JavaThread "LWJGL Timer" daemon [_thread_blocked, id=2456, stack(0x0cd50000,0x0cda0000)]
  0x003c9800 JavaThread "DestroyJavaVM" [_thread_blocked, id=2952, stack(0x008c0000,0x00910000)]
=>0x02f0d000 JavaThread "LWJGL Application" [_thread_in_native, id=2724, stack(0x0b730000,0x0b780000)]
  0x02a48c00 JavaThread "Service Thread" daemon [_thread_blocked, id=2808, stack(0x02df0000,0x02e40000)]
  0x02a3ac00 JavaThread "C1 CompilerThread0" daemon [_thread_blocked, id=240, stack(0x02da0000,0x02df0000)]
  0x02a39000 JavaThread "Attach Listener" daemon [_thread_blocked, id=2448, stack(0x02d50000,0x02da0000)]
  0x02a37c00 JavaThread "Signal Dispatcher" daemon [_thread_blocked, id=504, stack(0x02d00000,0x02d50000)]
  0x029d0400 JavaThread "Finalizer" daemon [_thread_blocked, id=1612, stack(0x02cb0000,0x02d00000)]
  0x029cb000 JavaThread "Reference Handler" daemon [_thread_blocked, id=308, stack(0x02c60000,0x02cb0000)]

Other Threads:
  0x029c9800 VMThread [stack: 0x02c10000,0x02c60000] [id=3212]
  0x02a5c400 WatcherThread [stack: 0x02e40000,0x02e90000] [id=1116]

VM state:not at safepoint (normal execution)

VM Mutex/Monitor currently owned by a thread: None

Heap
 def new generation   total 4928K, used 1147K [0x22c00000, 0x23150000, 0x28150000)
  eden space 4416K,  16% used [0x22c00000, 0x22cb6328, 0x23050000)
  from space 512K,  81% used [0x230d0000, 0x23138af0, 0x23150000)
  to   space 512K,   0% used [0x23050000, 0x23050000, 0x230d0000)
 tenured generation   total 10944K, used 2167K [0x28150000, 0x28c00000, 0x32c00000)
   the space 10944K,  19% used [0x28150000, 0x2836df08, 0x2836e000, 0x28c00000)
 compacting perm gen  total 12288K, used 2133K [0x32c00000, 0x33800000, 0x36c00000)
   the space 12288K,  17% used [0x32c00000, 0x32e15628, 0x32e15800, 0x33800000)
    ro space 10240K,  42% used [0x36c00000, 0x37034778, 0x37034800, 0x37600000)
    rw space 12288K,  52% used [0x37600000, 0x37c49a68, 0x37c49c00, 0x38200000)

Card table byte_map: [0x02ab0000,0x02b60000] byte_map_base: 0x0299a000

Polling page: 0x003f0000

Code Cache  [0x00930000, 0x00a40000, 0x02930000)
 total_blobs=580 nmethods=318 adapters=199 free_code_cache=31688Kb largest_free_block=32449280

Compilation events (10 events):
Event: 13.508 Thread 0x02a3ac00  312             com.badlogic.gdx.math.Matrix4::setToLookAt (43 bytes)
Event: 13.508 Thread 0x02a3ac00 nmethod 312 0x00a3bfc8 code [0x00a3c110, 0x00a3c2a0]
Event: 13.508 Thread 0x02a3ac00  313             com.badlogic.gdx.math.Matrix4::setToLookAt (174 bytes)
Event: 13.509 Thread 0x02a3ac00 nmethod 313 0x00a3c4c8 code [0x00a3c680, 0x00a3cb80]
Event: 13.515 Thread 0x02a3ac00  314             com.badlogic.gdx.math.Matrix4::setToTranslation (40 bytes)
Event: 13.515 Thread 0x02a3ac00 nmethod 314 0x00a3d488 code [0x00a3d590, 0x00a3d6ac]
Event: 13.522 Thread 0x02a3ac00  317             com.game.handlers.MyInput::isDown (6 bytes)
Event: 13.522 Thread 0x02a3ac00 nmethod 317 0x00a3d7c8 code [0x00a3d8c0, 0x00a3d950]
Event: 15.391 Thread 0x02a3ac00  318   !         org.lwjgl.input.Mouse::isCreated (17 bytes)
Event: 15.392 Thread 0x02a3ac00 nmethod 318 0x00a3da08 code [0x00a3db00, 0x00a3dc80]

GC Heap History (6 events):
Event: 0.655 GC heap before
{Heap before GC invocations=0 (full 0):
 def new generation   total 4928K, used 4416K [0x22c00000, 0x23150000, 0x28150000)
  eden space 4416K, 100% used [0x22c00000, 0x23050000, 0x23050000)
  from space 512K,   0% used [0x23050000, 0x23050000, 0x230d0000)
  to   space 512K,   0% used [0x230d0000, 0x230d0000, 0x23150000)
 tenured generation   total 10944K, used 0K [0x28150000, 0x28c00000, 0x32c00000)
   the space 10944K,   0% used [0x28150000, 0x28150000, 0x28150200, 0x28c00000)
 compacting perm gen  total 12288K, used 1137K [0x32c00000, 0x33800000, 0x36c00000)
   the space 12288K,   9% used [0x32c00000, 0x32d1c668, 0x32d1c800, 0x33800000)
    ro space 10240K,  42% used [0x36c00000, 0x37034778, 0x37034800, 0x37600000)
    rw space 12288K,  52% used [0x37600000, 0x37c49a68, 0x37c49c00, 0x38200000)
Event: 0.660 GC heap after
Heap after GC invocations=1 (full 0):
 def new generation   total 4928K, used 512K [0x22c00000, 0x23150000, 0x28150000)
  eden space 4416K,   0% used [0x22c00000, 0x22c00000, 0x23050000)
  from space 512K, 100% used [0x230d0000, 0x23150000, 0x23150000)
  to   space 512K,   0% used [0x23050000, 0x23050000, 0x230d0000)
 tenured generation   total 10944K, used 570K [0x28150000, 0x28c00000, 0x32c00000)
   the space 10944K,   5% used [0x28150000, 0x281de868, 0x281dea00, 0x28c00000)
 compacting perm gen  total 12288K, used 1137K [0x32c00000, 0x33800000, 0x36c00000)
   the space 12288K,   9% used [0x32c00000, 0x32d1c668, 0x32d1c800, 0x33800000)
    ro space 10240K,  42% used [0x36c00000, 0x37034778, 0x37034800, 0x37600000)
    rw space 12288K,  52% used [0x37600000, 0x37c49a68, 0x37c49c00, 0x38200000)
}
Event: 0.944 GC heap before
{Heap before GC invocations=1 (full 0):
 def new generation   total 4928K, used 4928K [0x22c00000, 0x23150000, 0x28150000)
  eden space 4416K, 100% used [0x22c00000, 0x23050000, 0x23050000)
  from space 512K, 100% used [0x230d0000, 0x23150000, 0x23150000)
  to   space 512K,   0% used [0x23050000, 0x23050000, 0x230d0000)
 tenured generation   total 10944K, used 570K [0x28150000, 0x28c00000, 0x32c00000)
   the space 10944K,   5% used [0x28150000, 0x281de868, 0x281dea00, 0x28c00000)
 compacting perm gen  total 12288K, used 2007K [0x32c00000, 0x33800000, 0x36c00000)
   the space 12288K,  16% used [0x32c00000, 0x32df5fb8, 0x32df6000, 0x33800000)
    ro space 10240K,  42% used [0x36c00000, 0x37034778, 0x37034800, 0x37600000)
    rw space 12288K,  52% used [0x37600000, 0x37c49a68, 0x37c49c00, 0x38200000)
Event: 0.950 GC heap after
Heap after GC invocations=2 (full 0):
 def new generation   total 4928K, used 512K [0x22c00000, 0x23150000, 0x28150000)
  eden space 4416K,   0% used [0x22c00000, 0x22c00000, 0x23050000)
  from space 512K, 100% used [0x23050000, 0x230d0000, 0x230d0000)
  to   space 512K,   0% used [0x230d0000, 0x230d0000, 0x23150000)
 tenured generation   total 10944K, used 1698K [0x28150000, 0x28c00000, 0x32c00000)
   the space 10944K,  15% used [0x28150000, 0x282f8a38, 0x282f8c00, 0x28c00000)
 compacting perm gen  total 12288K, used 2007K [0x32c00000, 0x33800000, 0x36c00000)
   the space 12288K,  16% used [0x32c00000, 0x32df5fb8, 0x32df6000, 0x33800000)
    ro space 10240K,  42% used [0x36c00000, 0x37034778, 0x37034800, 0x37600000)
    rw space 12288K,  52% used [0x37600000, 0x37c49a68, 0x37c49c00, 0x38200000)
}
Event: 13.164 GC heap before
{Heap before GC invocations=2 (full 0):
 def new generation   total 4928K, used 4928K [0x22c00000, 0x23150000, 0x28150000)
  eden space 4416K, 100% used [0x22c00000, 0x23050000, 0x23050000)
  from space 512K, 100% used [0x23050000, 0x230d0000, 0x230d0000)
  to   space 512K,   0% used [0x230d0000, 0x230d0000, 0x23150000)
 tenured generation   total 10944K, used 1698K [0x28150000, 0x28c00000, 0x32c00000)
   the space 10944K,  15% used [0x28150000, 0x282f8a38, 0x282f8c00, 0x28c00000)
 compacting perm gen  total 12288K, used 2133K [0x32c00000, 0x33800000, 0x36c00000)
   the space 12288K,  17% used [0x32c00000, 0x32e15628, 0x32e15800, 0x33800000)
    ro space 10240K,  42% used [0x36c00000, 0x37034778, 0x37034800, 0x37600000)
    rw space 12288K,  52% used [0x37600000, 0x37c49a68, 0x37c49c00, 0x38200000)
Event: 13.168 GC heap after
Heap after GC invocations=3 (full 0):
 def new generation   total 4928K, used 418K [0x22c00000, 0x23150000, 0x28150000)
  eden space 4416K,   0% used [0x22c00000, 0x22c00000, 0x23050000)
  from space 512K,  81% used [0x230d0000, 0x23138af0, 0x23150000)
  to   space 512K,   0% used [0x23050000, 0x23050000, 0x230d0000)
 tenured generation   total 10944K, used 2167K [0x28150000, 0x28c00000, 0x32c00000)
   the space 10944K,  19% used [0x28150000, 0x2836df08, 0x2836e000, 0x28c00000)
 compacting perm gen  total 12288K, used 2133K [0x32c00000, 0x33800000, 0x36c00000)
   the space 12288K,  17% used [0x32c00000, 0x32e15628, 0x32e15800, 0x33800000)
    ro space 10240K,  42% used [0x36c00000, 0x37034778, 0x37034800, 0x37600000)
    rw space 12288K,  52% used [0x37600000, 0x37c49a68, 0x37c49c00, 0x38200000)
}

Deoptimization events (0 events):
No events

Internal exceptions (10 events):
Event: 1.012 Thread 0x02f0d000 Threw 0x22d10e80 at C:\re\jdk7u60\1081\hotspot\src\share\vm\prims\jvm.cpp:1244
Event: 1.019 Thread 0x02f0d000 Threw 0x22d13c50 at C:\re\jdk7u60\1081\hotspot\src\share\vm\prims\jvm.cpp:1244
Event: 1.022 Thread 0x02f0d000 Threw 0x22d179a8 at C:\re\jdk7u60\1081\hotspot\src\share\vm\prims\jvm.cpp:1244
Event: 1.022 Thread 0x02f0d000 Threw 0x22d1b560 at C:\re\jdk7u60\1081\hotspot\src\share\vm\prims\jvm.cpp:1244
Event: 1.039 Thread 0x02f0d000 Threw 0x22d1e518 at C:\re\jdk7u60\1081\hotspot\src\share\vm\prims\jvm.cpp:1244
Event: 1.041 Thread 0x02f0d000 Threw 0x22d21298 at C:\re\jdk7u60\1081\hotspot\src\share\vm\prims\jvm.cpp:1244
Event: 1.042 Thread 0x02f0d000 Threw 0x22d25978 at C:\re\jdk7u60\1081\hotspot\src\share\vm\prims\jvm.cpp:1244
Event: 1.301 Thread 0x02f0d000 Threw 0x22d39de0 at C:\re\jdk7u60\1081\hotspot\src\share\vm\prims\jvm.cpp:1244
Event: 1.303 Thread 0x02f0d000 Threw 0x22d43c00 at C:\re\jdk7u60\1081\hotspot\src\share\vm\prims\jvm.cpp:1244
Event: 1.304 Thread 0x02f0d000 Threw 0x22d473c0 at C:\re\jdk7u60\1081\hotspot\src\share\vm\prims\jvm.cpp:1244

Events (10 events):
Event: 1.301 loading class 0x02f44d18
Event: 1.301 loading class 0x02f44d18 done
Event: 1.303 loading class 0x02f018a8
Event: 1.303 loading class 0x02f018a8 done
Event: 1.303 loading class 0x02f02d10
Event: 1.304 loading class 0x02f02d10 done
Event: 4.171 Executing VM operation: EnableBiasedLocking
Event: 4.171 Executing VM operation: EnableBiasedLocking done
Event: 13.164 Executing VM operation: GenCollectForAllocation
Event: 13.168 Executing VM operation: GenCollectForAllocation done


Dynamic libraries:
0x00400000 - 0x0042f000 	D:\Program Files\Java\jre7\bin\javaw.exe
0x7c900000 - 0x7c9b0000 	D:\WINDOWS\system32\ntdll.dll
0x7c800000 - 0x7c8f8000 	D:\WINDOWS\system32\kernel32.dll
0x77dc0000 - 0x77e6c000 	D:\WINDOWS\system32\ADVAPI32.dll
0x77e70000 - 0x77f02000 	D:\WINDOWS\system32\RPCRT4.dll
0x77fe0000 - 0x77ff1000 	D:\WINDOWS\system32\Secur32.dll
0x7e360000 - 0x7e3f1000 	D:\WINDOWS\system32\USER32.dll
0x77f10000 - 0x77f59000 	D:\WINDOWS\system32\GDI32.dll
0x773c0000 - 0x774c3000 	D:\WINDOWS\WinSxS\x86_Microsoft.Windows.Common-Controls_6595b64144ccf1df_6.0.2600.5512_x-ww_35d4ce83\COMCTL32.dll
0x77c00000 - 0x77c58000 	D:\WINDOWS\system32\msvcrt.dll
0x77f60000 - 0x77fd6000 	D:\WINDOWS\system32\SHLWAPI.dll
0x78aa0000 - 0x78b5f000 	D:\Program Files\Java\jre7\bin\msvcr100.dll
0x6e770000 - 0x6eaf8000 	D:\Program Files\Java\jre7\bin\client\jvm.dll
0x71ab0000 - 0x71aba000 	D:\WINDOWS\system32\WSOCK32.dll
0x71a90000 - 0x71aa7000 	D:\WINDOWS\system32\WS2_32.dll
0x71a80000 - 0x71a88000 	D:\WINDOWS\system32\WS2HELP.dll
0x76b20000 - 0x76b4e000 	D:\WINDOWS\system32\WINMM.dll
0x76be0000 - 0x76beb000 	D:\WINDOWS\system32\PSAPI.DLL
0x6e6c0000 - 0x6e6cc000 	D:\Program Files\Java\jre7\bin\verify.dll
0x6d480000 - 0x6d4a0000 	D:\Program Files\Java\jre7\bin\java.dll
0x6e750000 - 0x6e763000 	D:\Program Files\Java\jre7\bin\zip.dll
0x6cec0000 - 0x6cf42000 	D:\Documents and Settings\admin\Local Settings\Temp\libgdxadmin\6df0928e\gdx.dll
0x10000000 - 0x1004c000 	D:\Documents and Settings\admin\Local Settings\Temp\libgdxadmin\52d76f2b\lwjgl.dll
0x5f220000 - 0x5f2ec000 	D:\WINDOWS\system32\OPENGL32.dll
0x5ff90000 - 0x5ffb1000 	D:\WINDOWS\system32\GLU32.dll
0x73720000 - 0x7376b000 	D:\WINDOWS\system32\DDRAW.dll
0x73b80000 - 0x73b86000 	D:\WINDOWS\system32\DCIMAN32.dll
0x77bf0000 - 0x77bf8000 	D:\WINDOWS\system32\VERSION.dll
0x0b0a0000 - 0x0b105000 	D:\DOCUME~1\admin\LOCALS~1\Temp\libgdxadmin\52d76f2b\OpenAL32.dll
0x7c9c0000 - 0x7d1db000 	D:\WINDOWS\system32\SHELL32.dll
0x774d0000 - 0x7760d000 	D:\WINDOWS\system32\ole32.dll
0x5b260000 - 0x5b298000 	D:\WINDOWS\system32\uxtheme.dll
0x746e0000 - 0x7472c000 	D:\WINDOWS\system32\MSCTF.dll
0x76fc0000 - 0x7703f000 	D:\WINDOWS\system32\CLBCATQ.DLL
0x77040000 - 0x77107000 	D:\WINDOWS\system32\COMRes.dll
0x77110000 - 0x7719b000 	D:\WINDOWS\system32\OLEAUT32.dll
0x73ed0000 - 0x73f2c000 	D:\WINDOWS\system32\dsound.dll
0x76c20000 - 0x76c4e000 	D:\WINDOWS\system32\WINTRUST.dll
0x77a70000 - 0x77b06000 	D:\WINDOWS\system32\CRYPT32.dll
0x77b10000 - 0x77b22000 	D:\WINDOWS\system32\MSASN1.dll
0x76c80000 - 0x76ca8000 	D:\WINDOWS\system32\IMAGEHLP.dll
0x72ce0000 - 0x72ce9000 	D:\WINDOWS\system32\wdmaud.drv
0x72cd0000 - 0x72cd8000 	D:\WINDOWS\system32\msacm32.drv
0x77bd0000 - 0x77be5000 	D:\WINDOWS\system32\MSACM32.dll
0x77bc0000 - 0x77bc7000 	D:\WINDOWS\system32\midimap.dll
0x73ea0000 - 0x73ea4000 	D:\WINDOWS\system32\KsUser.dll
0x0b950000 - 0x0c43f000 	D:\WINDOWS\system32\ig4icd32.dll
0x73af0000 - 0x73b05000 	D:\WINDOWS\system32\mscms.dll
0x72fc0000 - 0x72fe6000 	D:\WINDOWS\system32\WINSPOOL.DRV
0x58be0000 - 0x58c21000 	D:\WINDOWS\system32\icm32.dll
0x59c60000 - 0x59d01000 	D:\WINDOWS\system32\dbghelp.dll

VM Arguments:
jvm_args: -Dfile.encoding=Cp1251 
java_command: com.game.Main
Launcher Type: SUN_STANDARD

Environment Variables:
PATH=D:/Program Files/Java/jre7/bin/client;D:/Program Files/Java/jre7/bin;D:/Program Files/Java/jre7/lib/i386;D:\WINDOWS\system32;D:\WINDOWS;D:\WINDOWS\System32\Wbem;D:\Program Files\TortoiseGit\bin;C:\Android\adt-bundle-windows-x86-20140321\eclipse;
USERNAME=admin
OS=Windows_NT
PROCESSOR_IDENTIFIER=x86 Family 6 Model 23 Stepping 10, GenuineIntel



---------------  S Y S T E M  ---------------

OS: Windows XP Build 2600 Service Pack 3

CPU:total 1 (1 cores per cpu, 1 threads per core) family 6 model 23 stepping 10, cmov, cx8, fxsr, mmx, sse, sse2, sse3, ssse3, tsc

Memory: 4k page, physical 2025380k(544020k free), swap 3963592k(2568076k free)

vm_info: Java HotSpot(TM) Client VM (24.60-b09) for windows-x86 JRE (1.7.0_60-b19), built on May  7 2014 13:09:52 by "java_re" with unknown MS VC++:1600

time: Thu Jun 26 19:48:15 2014
elapsed time: 15 seconds

